{"C:\\Users\\ASUS\\Desktop\\Now\\Darkfield\\JS\\auth-api\\src\\Applications\\security\\PasswordHash.js": {"path":"C:\\Users\\ASUS\\Desktop\\Now\\Darkfield\\JS\\auth-api\\src\\Applications\\security\\PasswordHash.js","statementMap":{"0":{"start":{"line":7,"column":4},"end":{"line":7,"column":60}},"1":{"start":{"line":11,"column":4},"end":{"line":11,"column":60}},"2":{"start":{"line":15,"column":0},"end":{"line":15,"column":30}}},"fnMap":{"0":{"name":"(anonymous_0)","decl":{"start":{"line":6,"column":2},"end":{"line":6,"column":3}},"loc":{"start":{"line":6,"column":23},"end":{"line":8,"column":3}},"line":6},"1":{"name":"(anonymous_1)","decl":{"start":{"line":10,"column":2},"end":{"line":10,"column":3}},"loc":{"start":{"line":10,"column":34},"end":{"line":12,"column":3}},"line":10}},"branchMap":{},"s":{"0":1,"1":1,"2":5},"f":{"0":1,"1":1},"b":{},"_coverageSchema":"1a1c01bbd47fc00a2c39e90264f33305004495a9","hash":"181b671d5b15ea0e111c5200c2a39ea740efba6b"}
,"C:\\Users\\ASUS\\Desktop\\Now\\Darkfield\\JS\\auth-api\\src\\Applications\\security\\TokenManager.js": {"path":"C:\\Users\\ASUS\\Desktop\\Now\\Darkfield\\JS\\auth-api\\src\\Applications\\security\\TokenManager.js","statementMap":{"0":{"start":{"line":7,"column":4},"end":{"line":7,"column":60}},"1":{"start":{"line":11,"column":4},"end":{"line":11,"column":60}},"2":{"start":{"line":15,"column":4},"end":{"line":15,"column":60}},"3":{"start":{"line":19,"column":4},"end":{"line":19,"column":60}},"4":{"start":{"line":23,"column":0},"end":{"line":23,"column":30}}},"fnMap":{"0":{"name":"(anonymous_0)","decl":{"start":{"line":6,"column":2},"end":{"line":6,"column":3}},"loc":{"start":{"line":6,"column":35},"end":{"line":8,"column":3}},"line":6},"1":{"name":"(anonymous_1)","decl":{"start":{"line":10,"column":2},"end":{"line":10,"column":3}},"loc":{"start":{"line":10,"column":36},"end":{"line":12,"column":3}},"line":10},"2":{"name":"(anonymous_2)","decl":{"start":{"line":14,"column":2},"end":{"line":14,"column":3}},"loc":{"start":{"line":14,"column":43},"end":{"line":16,"column":3}},"line":14},"3":{"name":"(anonymous_3)","decl":{"start":{"line":18,"column":2},"end":{"line":18,"column":3}},"loc":{"start":{"line":18,"column":24},"end":{"line":20,"column":3}},"line":18}},"branchMap":{},"s":{"0":1,"1":1,"2":1,"3":1,"4":5},"f":{"0":1,"1":1,"2":1,"3":1},"b":{},"_coverageSchema":"1a1c01bbd47fc00a2c39e90264f33305004495a9","hash":"247403df5516bcd275a148757889b779307a124b"}
,"C:\\Users\\ASUS\\Desktop\\Now\\Darkfield\\JS\\auth-api\\src\\Applications\\use_case\\AddUserUseCase.js": {"path":"C:\\Users\\ASUS\\Desktop\\Now\\Darkfield\\JS\\auth-api\\src\\Applications\\use_case\\AddUserUseCase.js","statementMap":{"0":{"start":{"line":1,"column":21},"end":{"line":1,"column":73}},"1":{"start":{"line":5,"column":4},"end":{"line":5,"column":42}},"2":{"start":{"line":6,"column":4},"end":{"line":6,"column":38}},"3":{"start":{"line":10,"column":25},"end":{"line":10,"column":57}},"4":{"start":{"line":11,"column":4},"end":{"line":11,"column":78}},"5":{"start":{"line":13,"column":4},"end":{"line":13,"column":81}},"6":{"start":{"line":14,"column":4},"end":{"line":14,"column":54}},"7":{"start":{"line":18,"column":0},"end":{"line":18,"column":32}}},"fnMap":{"0":{"name":"(anonymous_0)","decl":{"start":{"line":4,"column":2},"end":{"line":4,"column":3}},"loc":{"start":{"line":4,"column":48},"end":{"line":7,"column":3}},"line":4},"1":{"name":"(anonymous_1)","decl":{"start":{"line":9,"column":2},"end":{"line":9,"column":3}},"loc":{"start":{"line":9,"column":32},"end":{"line":15,"column":3}},"line":9}},"branchMap":{},"s":{"0":2,"1":2,"2":2,"3":10,"4":6,"5":5,"6":5,"7":2},"f":{"0":2,"1":10},"b":{},"_coverageSchema":"1a1c01bbd47fc00a2c39e90264f33305004495a9","hash":"311badc8fc65afe791dec62057b6dd92c1110af7"}
,"C:\\Users\\ASUS\\Desktop\\Now\\Darkfield\\JS\\auth-api\\src\\Applications\\use_case\\LoginUseCase.js": {"path":"C:\\Users\\ASUS\\Desktop\\Now\\Darkfield\\JS\\auth-api\\src\\Applications\\use_case\\LoginUseCase.js","statementMap":{"0":{"start":{"line":1,"column":18},"end":{"line":1,"column":67}},"1":{"start":{"line":2,"column":27},"end":{"line":2,"column":95}},"2":{"start":{"line":11,"column":4},"end":{"line":11,"column":42}},"3":{"start":{"line":12,"column":4},"end":{"line":12,"column":62}},"4":{"start":{"line":13,"column":4},"end":{"line":13,"column":38}},"5":{"start":{"line":14,"column":4},"end":{"line":14,"column":38}},"6":{"start":{"line":18,"column":35},"end":{"line":18,"column":64}},"7":{"start":{"line":20,"column":30},"end":{"line":20,"column":88}},"8":{"start":{"line":22,"column":4},"end":{"line":22,"column":66}},"9":{"start":{"line":24,"column":24},"end":{"line":24,"column":80}},"10":{"start":{"line":25,"column":25},"end":{"line":25,"column":82}},"11":{"start":{"line":27,"column":31},"end":{"line":30,"column":6}},"12":{"start":{"line":32,"column":4},"end":{"line":32,"column":83}},"13":{"start":{"line":34,"column":4},"end":{"line":34,"column":30}},"14":{"start":{"line":38,"column":0},"end":{"line":38,"column":30}}},"fnMap":{"0":{"name":"(anonymous_0)","decl":{"start":{"line":5,"column":2},"end":{"line":5,"column":3}},"loc":{"start":{"line":10,"column":5},"end":{"line":15,"column":3}},"line":10},"1":{"name":"(anonymous_1)","decl":{"start":{"line":17,"column":2},"end":{"line":17,"column":3}},"loc":{"start":{"line":17,"column":32},"end":{"line":35,"column":3}},"line":17}},"branchMap":{},"s":{"0":2,"1":2,"2":2,"3":2,"4":2,"5":2,"6":7,"7":5,"8":4,"9":3,"10":3,"11":3,"12":3,"13":3,"14":2},"f":{"0":2,"1":7},"b":{},"_coverageSchema":"1a1c01bbd47fc00a2c39e90264f33305004495a9","hash":"5a0844a2761986df04f327a8876dd2dab7117472"}
,"C:\\Users\\ASUS\\Desktop\\Now\\Darkfield\\JS\\auth-api\\src\\Applications\\use_case\\LogoutUseCase.js": {"path":"C:\\Users\\ASUS\\Desktop\\Now\\Darkfield\\JS\\auth-api\\src\\Applications\\use_case\\LogoutUseCase.js","statementMap":{"0":{"start":{"line":8,"column":4},"end":{"line":8,"column":62}},"1":{"start":{"line":12,"column":4},"end":{"line":12,"column":42}},"2":{"start":{"line":13,"column":29},"end":{"line":13,"column":43}},"3":{"start":{"line":14,"column":4},"end":{"line":14,"column":81}},"4":{"start":{"line":15,"column":4},"end":{"line":15,"column":67}},"5":{"start":{"line":19,"column":29},"end":{"line":19,"column":36}},"6":{"start":{"line":20,"column":4},"end":{"line":22,"column":5}},"7":{"start":{"line":21,"column":6},"end":{"line":21,"column":67}},"8":{"start":{"line":24,"column":4},"end":{"line":26,"column":5}},"9":{"start":{"line":25,"column":6},"end":{"line":25,"column":82}},"10":{"start":{"line":30,"column":0},"end":{"line":30,"column":31}}},"fnMap":{"0":{"name":"(anonymous_0)","decl":{"start":{"line":5,"column":2},"end":{"line":5,"column":3}},"loc":{"start":{"line":7,"column":5},"end":{"line":9,"column":3}},"line":7},"1":{"name":"(anonymous_1)","decl":{"start":{"line":11,"column":2},"end":{"line":11,"column":3}},"loc":{"start":{"line":11,"column":32},"end":{"line":16,"column":3}},"line":11},"2":{"name":"(anonymous_2)","decl":{"start":{"line":18,"column":2},"end":{"line":18,"column":3}},"loc":{"start":{"line":18,"column":28},"end":{"line":27,"column":3}},"line":18}},"branchMap":{"0":{"loc":{"start":{"line":20,"column":4},"end":{"line":22,"column":5}},"type":"if","locations":[{"start":{"line":20,"column":4},"end":{"line":22,"column":5}},{"start":{},"end":{}}],"line":20},"1":{"loc":{"start":{"line":24,"column":4},"end":{"line":26,"column":5}},"type":"if","locations":[{"start":{"line":24,"column":4},"end":{"line":26,"column":5}},{"start":{},"end":{}}],"line":24}},"s":{"0":4,"1":7,"2":3,"3":3,"4":2,"5":7,"6":7,"7":2,"8":5,"9":2,"10":2},"f":{"0":4,"1":7,"2":7},"b":{"0":[2,5],"1":[2,3]},"_coverageSchema":"1a1c01bbd47fc00a2c39e90264f33305004495a9","hash":"86fcdd4d9daef2162e0da7f3c93eb29cd6304a44"}
,"C:\\Users\\ASUS\\Desktop\\Now\\Darkfield\\JS\\auth-api\\src\\Applications\\use_case\\RefreshTokenUseCase.js": {"path":"C:\\Users\\ASUS\\Desktop\\Now\\Darkfield\\JS\\auth-api\\src\\Applications\\use_case\\RefreshTokenUseCase.js","statementMap":{"0":{"start":{"line":9,"column":4},"end":{"line":9,"column":62}},"1":{"start":{"line":10,"column":4},"end":{"line":10,"column":38}},"2":{"start":{"line":14,"column":4},"end":{"line":14,"column":40}},"3":{"start":{"line":15,"column":29},"end":{"line":15,"column":43}},"4":{"start":{"line":17,"column":4},"end":{"line":17,"column":64}},"5":{"start":{"line":18,"column":4},"end":{"line":18,"column":81}},"6":{"start":{"line":20,"column":25},"end":{"line":20,"column":77}},"7":{"start":{"line":22,"column":4},"end":{"line":22,"column":62}},"8":{"start":{"line":26,"column":29},"end":{"line":26,"column":36}},"9":{"start":{"line":28,"column":4},"end":{"line":30,"column":5}},"10":{"start":{"line":29,"column":6},"end":{"line":29,"column":74}},"11":{"start":{"line":32,"column":4},"end":{"line":34,"column":5}},"12":{"start":{"line":33,"column":6},"end":{"line":33,"column":89}},"13":{"start":{"line":38,"column":0},"end":{"line":38,"column":37}}},"fnMap":{"0":{"name":"(anonymous_0)","decl":{"start":{"line":5,"column":2},"end":{"line":5,"column":3}},"loc":{"start":{"line":8,"column":5},"end":{"line":11,"column":3}},"line":8},"1":{"name":"(anonymous_1)","decl":{"start":{"line":13,"column":2},"end":{"line":13,"column":3}},"loc":{"start":{"line":13,"column":32},"end":{"line":23,"column":3}},"line":13},"2":{"name":"(anonymous_2)","decl":{"start":{"line":25,"column":2},"end":{"line":25,"column":3}},"loc":{"start":{"line":25,"column":26},"end":{"line":35,"column":3}},"line":25}},"branchMap":{"0":{"loc":{"start":{"line":28,"column":4},"end":{"line":30,"column":5}},"type":"if","locations":[{"start":{"line":28,"column":4},"end":{"line":30,"column":5}},{"start":{},"end":{}}],"line":28},"1":{"loc":{"start":{"line":32,"column":4},"end":{"line":34,"column":5}},"type":"if","locations":[{"start":{"line":32,"column":4},"end":{"line":34,"column":5}},{"start":{},"end":{}}],"line":32}},"s":{"0":4,"1":4,"2":8,"3":4,"4":4,"5":3,"6":2,"7":2,"8":8,"9":8,"10":2,"11":6,"12":2,"13":2},"f":{"0":4,"1":8,"2":8},"b":{"0":[2,6],"1":[2,4]},"_coverageSchema":"1a1c01bbd47fc00a2c39e90264f33305004495a9","hash":"8208ac35f47823f5e0de1ed5c13580a150c796ef"}
,"C:\\Users\\ASUS\\Desktop\\Now\\Darkfield\\JS\\auth-api\\src\\Commons\\exceptions\\AuthenticationError.js": {"path":"C:\\Users\\ASUS\\Desktop\\Now\\Darkfield\\JS\\auth-api\\src\\Commons\\exceptions\\AuthenticationError.js","statementMap":{"0":{"start":{"line":1,"column":20},"end":{"line":1,"column":44}},"1":{"start":{"line":5,"column":4},"end":{"line":5,"column":24}},"2":{"start":{"line":6,"column":4},"end":{"line":6,"column":38}},"3":{"start":{"line":10,"column":0},"end":{"line":10,"column":37}}},"fnMap":{"0":{"name":"(anonymous_0)","decl":{"start":{"line":4,"column":2},"end":{"line":4,"column":3}},"loc":{"start":{"line":4,"column":23},"end":{"line":7,"column":3}},"line":4}},"branchMap":{},"s":{"0":3,"1":3,"2":3,"3":3},"f":{"0":3},"b":{},"_coverageSchema":"1a1c01bbd47fc00a2c39e90264f33305004495a9","hash":"c0a71952a5593aca0a65dd1d4af3f26c0b87175f"}
,"C:\\Users\\ASUS\\Desktop\\Now\\Darkfield\\JS\\auth-api\\src\\Commons\\exceptions\\ClientError.js": {"path":"C:\\Users\\ASUS\\Desktop\\Now\\Darkfield\\JS\\auth-api\\src\\Commons\\exceptions\\ClientError.js","statementMap":{"0":{"start":{"line":3,"column":4},"end":{"line":3,"column":19}},"1":{"start":{"line":5,"column":4},"end":{"line":7,"column":5}},"2":{"start":{"line":6,"column":6},"end":{"line":6,"column":59}},"3":{"start":{"line":9,"column":4},"end":{"line":9,"column":33}},"4":{"start":{"line":10,"column":4},"end":{"line":10,"column":30}},"5":{"start":{"line":14,"column":0},"end":{"line":14,"column":29}}},"fnMap":{"0":{"name":"(anonymous_0)","decl":{"start":{"line":2,"column":2},"end":{"line":2,"column":3}},"loc":{"start":{"line":2,"column":41},"end":{"line":11,"column":3}},"line":2}},"branchMap":{"0":{"loc":{"start":{"line":2,"column":23},"end":{"line":2,"column":39}},"type":"default-arg","locations":[{"start":{"line":2,"column":36},"end":{"line":2,"column":39}}],"line":2},"1":{"loc":{"start":{"line":5,"column":4},"end":{"line":7,"column":5}},"type":"if","locations":[{"start":{"line":5,"column":4},"end":{"line":7,"column":5}},{"start":{},"end":{}}],"line":5}},"s":{"0":38,"1":38,"2":1,"3":37,"4":37,"5":10},"f":{"0":38},"b":{"0":[34],"1":[1,37]},"_coverageSchema":"1a1c01bbd47fc00a2c39e90264f33305004495a9","hash":"81eaffadb5397ba90b6008e8a2c3daba58925d9d"}
,"C:\\Users\\ASUS\\Desktop\\Now\\Darkfield\\JS\\auth-api\\src\\Commons\\exceptions\\DomainErrorTranslator.js": {"path":"C:\\Users\\ASUS\\Desktop\\Now\\Darkfield\\JS\\auth-api\\src\\Commons\\exceptions\\DomainErrorTranslator.js","statementMap":{"0":{"start":{"line":1,"column":23},"end":{"line":1,"column":50}},"1":{"start":{"line":3,"column":30},"end":{"line":7,"column":1}},"2":{"start":{"line":5,"column":4},"end":{"line":5,"column":70}},"3":{"start":{"line":9,"column":0},"end":{"line":20,"column":2}},"4":{"start":{"line":22,"column":0},"end":{"line":22,"column":39}}},"fnMap":{"0":{"name":"(anonymous_0)","decl":{"start":{"line":4,"column":2},"end":{"line":4,"column":3}},"loc":{"start":{"line":4,"column":19},"end":{"line":6,"column":3}},"line":4}},"branchMap":{"0":{"loc":{"start":{"line":5,"column":11},"end":{"line":5,"column":69}},"type":"binary-expr","locations":[{"start":{"line":5,"column":11},"end":{"line":5,"column":60}},{"start":{"line":5,"column":64},"end":{"line":5,"column":69}}],"line":5}},"s":{"0":2,"1":2,"2":23,"3":2,"4":2},"f":{"0":23},"b":{"0":[23,9]},"_coverageSchema":"1a1c01bbd47fc00a2c39e90264f33305004495a9","hash":"0eda2dc1245dd8eb9a45f9e1592e400661fb4e78"}
,"C:\\Users\\ASUS\\Desktop\\Now\\Darkfield\\JS\\auth-api\\src\\Commons\\exceptions\\InvariantError.js": {"path":"C:\\Users\\ASUS\\Desktop\\Now\\Darkfield\\JS\\auth-api\\src\\Commons\\exceptions\\InvariantError.js","statementMap":{"0":{"start":{"line":1,"column":20},"end":{"line":1,"column":44}},"1":{"start":{"line":5,"column":4},"end":{"line":5,"column":19}},"2":{"start":{"line":6,"column":4},"end":{"line":6,"column":33}},"3":{"start":{"line":10,"column":0},"end":{"line":10,"column":32}}},"fnMap":{"0":{"name":"(anonymous_0)","decl":{"start":{"line":4,"column":2},"end":{"line":4,"column":3}},"loc":{"start":{"line":4,"column":23},"end":{"line":7,"column":3}},"line":4}},"branchMap":{},"s":{"0":6,"1":33,"2":33,"3":6},"f":{"0":33},"b":{},"_coverageSchema":"1a1c01bbd47fc00a2c39e90264f33305004495a9","hash":"a246439e7ff8fbabc9d10a4086842e2ae66f2dda"}
,"C:\\Users\\ASUS\\Desktop\\Now\\Darkfield\\JS\\auth-api\\src\\Commons\\exceptions\\NotFoundError.js": {"path":"C:\\Users\\ASUS\\Desktop\\Now\\Darkfield\\JS\\auth-api\\src\\Commons\\exceptions\\NotFoundError.js","statementMap":{"0":{"start":{"line":1,"column":20},"end":{"line":1,"column":44}},"1":{"start":{"line":5,"column":4},"end":{"line":5,"column":24}},"2":{"start":{"line":6,"column":4},"end":{"line":6,"column":32}},"3":{"start":{"line":10,"column":0},"end":{"line":10,"column":31}}},"fnMap":{"0":{"name":"(anonymous_0)","decl":{"start":{"line":4,"column":2},"end":{"line":4,"column":3}},"loc":{"start":{"line":4,"column":23},"end":{"line":7,"column":3}},"line":4}},"branchMap":{},"s":{"0":1,"1":1,"2":1,"3":1},"f":{"0":1},"b":{},"_coverageSchema":"1a1c01bbd47fc00a2c39e90264f33305004495a9","hash":"071364a0854a16ce070bb52423f5c34651088b95"}
,"C:\\Users\\ASUS\\Desktop\\Now\\Darkfield\\JS\\auth-api\\src\\Domains\\authentications\\AuthenticationRepository.js": {"path":"C:\\Users\\ASUS\\Desktop\\Now\\Darkfield\\JS\\auth-api\\src\\Domains\\authentications\\AuthenticationRepository.js","statementMap":{"0":{"start":{"line":7,"column":4},"end":{"line":7,"column":72}},"1":{"start":{"line":11,"column":4},"end":{"line":11,"column":72}},"2":{"start":{"line":15,"column":4},"end":{"line":15,"column":72}},"3":{"start":{"line":19,"column":0},"end":{"line":19,"column":42}}},"fnMap":{"0":{"name":"(anonymous_0)","decl":{"start":{"line":6,"column":2},"end":{"line":6,"column":3}},"loc":{"start":{"line":6,"column":24},"end":{"line":8,"column":3}},"line":6},"1":{"name":"(anonymous_1)","decl":{"start":{"line":10,"column":2},"end":{"line":10,"column":3}},"loc":{"start":{"line":10,"column":41},"end":{"line":12,"column":3}},"line":10},"2":{"name":"(anonymous_2)","decl":{"start":{"line":14,"column":2},"end":{"line":14,"column":3}},"loc":{"start":{"line":14,"column":27},"end":{"line":16,"column":3}},"line":14}},"branchMap":{},"s":{"0":1,"1":1,"2":1,"3":6},"f":{"0":1,"1":1,"2":1},"b":{},"_coverageSchema":"1a1c01bbd47fc00a2c39e90264f33305004495a9","hash":"5966c4b436bdc65670d0372029f26cd66915d91d"}
,"C:\\Users\\ASUS\\Desktop\\Now\\Darkfield\\JS\\auth-api\\src\\Domains\\authentications\\entities\\AuthenticationData.js": {"path":"C:\\Users\\ASUS\\Desktop\\Now\\Darkfield\\JS\\auth-api\\src\\Domains\\authentications\\entities\\AuthenticationData.js","statementMap":{"0":{"start":{"line":6,"column":4},"end":{"line":6,"column":33}},"1":{"start":{"line":8,"column":42},"end":{"line":8,"column":49}},"2":{"start":{"line":10,"column":4},"end":{"line":10,"column":35}},"3":{"start":{"line":11,"column":4},"end":{"line":11,"column":37}},"4":{"start":{"line":15,"column":4},"end":{"line":17,"column":5}},"5":{"start":{"line":16,"column":6},"end":{"line":16,"column":73}},"6":{"start":{"line":19,"column":4},"end":{"line":21,"column":5}},"7":{"start":{"line":20,"column":6},"end":{"line":20,"column":78}},"8":{"start":{"line":25,"column":0},"end":{"line":25,"column":36}}},"fnMap":{"0":{"name":"(anonymous_0)","decl":{"start":{"line":5,"column":2},"end":{"line":5,"column":3}},"loc":{"start":{"line":5,"column":23},"end":{"line":12,"column":3}},"line":5},"1":{"name":"(anonymous_1)","decl":{"start":{"line":14,"column":2},"end":{"line":14,"column":3}},"loc":{"start":{"line":14,"column":48},"end":{"line":22,"column":3}},"line":14}},"branchMap":{"0":{"loc":{"start":{"line":15,"column":4},"end":{"line":17,"column":5}},"type":"if","locations":[{"start":{"line":15,"column":4},"end":{"line":17,"column":5}},{"start":{},"end":{}}],"line":15},"1":{"loc":{"start":{"line":15,"column":8},"end":{"line":15,"column":37}},"type":"binary-expr","locations":[{"start":{"line":15,"column":8},"end":{"line":15,"column":20}},{"start":{"line":15,"column":24},"end":{"line":15,"column":37}}],"line":15},"2":{"loc":{"start":{"line":19,"column":4},"end":{"line":21,"column":5}},"type":"if","locations":[{"start":{"line":19,"column":4},"end":{"line":21,"column":5}},{"start":{},"end":{}}],"line":19},"3":{"loc":{"start":{"line":19,"column":8},"end":{"line":19,"column":75}},"type":"binary-expr","locations":[{"start":{"line":19,"column":8},"end":{"line":19,"column":39}},{"start":{"line":19,"column":43},"end":{"line":19,"column":75}}],"line":19}},"s":{"0":7,"1":5,"2":5,"3":5,"4":7,"5":1,"6":6,"7":1,"8":3},"f":{"0":7,"1":7},"b":{"0":[1,6],"1":[7,7],"2":[1,5],"3":[6,6]},"_coverageSchema":"1a1c01bbd47fc00a2c39e90264f33305004495a9","hash":"46dad7225c44c99d479f2dd9dd033a37caaa66d6"}
,"C:\\Users\\ASUS\\Desktop\\Now\\Darkfield\\JS\\auth-api\\src\\Domains\\users\\UserRepository.js": {"path":"C:\\Users\\ASUS\\Desktop\\Now\\Darkfield\\JS\\auth-api\\src\\Domains\\users\\UserRepository.js","statementMap":{"0":{"start":{"line":7,"column":4},"end":{"line":7,"column":62}},"1":{"start":{"line":11,"column":4},"end":{"line":11,"column":62}},"2":{"start":{"line":15,"column":4},"end":{"line":15,"column":62}},"3":{"start":{"line":19,"column":0},"end":{"line":19,"column":32}}},"fnMap":{"0":{"name":"(anonymous_0)","decl":{"start":{"line":6,"column":2},"end":{"line":6,"column":3}},"loc":{"start":{"line":6,"column":30},"end":{"line":8,"column":3}},"line":6},"1":{"name":"(anonymous_1)","decl":{"start":{"line":10,"column":2},"end":{"line":10,"column":3}},"loc":{"start":{"line":10,"column":42},"end":{"line":12,"column":3}},"line":10},"2":{"name":"(anonymous_2)","decl":{"start":{"line":14,"column":2},"end":{"line":14,"column":3}},"loc":{"start":{"line":14,"column":40},"end":{"line":16,"column":3}},"line":14}},"branchMap":{},"s":{"0":1,"1":1,"2":1,"3":5},"f":{"0":1,"1":1,"2":1},"b":{},"_coverageSchema":"1a1c01bbd47fc00a2c39e90264f33305004495a9","hash":"4a2533bba57037df396c8bc09d76fec5c618cc38"}
,"C:\\Users\\ASUS\\Desktop\\Now\\Darkfield\\JS\\auth-api\\src\\Domains\\users\\entities\\RegisterUser.js": {"path":"C:\\Users\\ASUS\\Desktop\\Now\\Darkfield\\JS\\auth-api\\src\\Domains\\users\\entities\\RegisterUser.js","statementMap":{"0":{"start":{"line":6,"column":4},"end":{"line":6,"column":33}},"1":{"start":{"line":8,"column":45},"end":{"line":8,"column":52}},"2":{"start":{"line":10,"column":4},"end":{"line":10,"column":29}},"3":{"start":{"line":11,"column":4},"end":{"line":11,"column":29}},"4":{"start":{"line":12,"column":4},"end":{"line":12,"column":29}},"5":{"start":{"line":16,"column":4},"end":{"line":18,"column":5}},"6":{"start":{"line":17,"column":6},"end":{"line":17,"column":67}},"7":{"start":{"line":20,"column":4},"end":{"line":22,"column":5}},"8":{"start":{"line":21,"column":6},"end":{"line":21,"column":72}},"9":{"start":{"line":24,"column":4},"end":{"line":26,"column":5}},"10":{"start":{"line":25,"column":6},"end":{"line":25,"column":59}},"11":{"start":{"line":28,"column":4},"end":{"line":30,"column":5}},"12":{"start":{"line":29,"column":6},"end":{"line":29,"column":77}},"13":{"start":{"line":34,"column":0},"end":{"line":34,"column":30}}},"fnMap":{"0":{"name":"(anonymous_0)","decl":{"start":{"line":5,"column":2},"end":{"line":5,"column":3}},"loc":{"start":{"line":5,"column":23},"end":{"line":13,"column":3}},"line":5},"1":{"name":"(anonymous_1)","decl":{"start":{"line":15,"column":2},"end":{"line":15,"column":3}},"loc":{"start":{"line":15,"column":51},"end":{"line":31,"column":3}},"line":15}},"branchMap":{"0":{"loc":{"start":{"line":16,"column":4},"end":{"line":18,"column":5}},"type":"if","locations":[{"start":{"line":16,"column":4},"end":{"line":18,"column":5}},{"start":{},"end":{}}],"line":16},"1":{"loc":{"start":{"line":16,"column":8},"end":{"line":16,"column":43}},"type":"binary-expr","locations":[{"start":{"line":16,"column":8},"end":{"line":16,"column":17}},{"start":{"line":16,"column":21},"end":{"line":16,"column":30}},{"start":{"line":16,"column":34},"end":{"line":16,"column":43}}],"line":16},"2":{"loc":{"start":{"line":20,"column":4},"end":{"line":22,"column":5}},"type":"if","locations":[{"start":{"line":20,"column":4},"end":{"line":22,"column":5}},{"start":{},"end":{}}],"line":20},"3":{"loc":{"start":{"line":20,"column":8},"end":{"line":20,"column":100}},"type":"binary-expr","locations":[{"start":{"line":20,"column":8},"end":{"line":20,"column":36}},{"start":{"line":20,"column":40},"end":{"line":20,"column":68}},{"start":{"line":20,"column":72},"end":{"line":20,"column":100}}],"line":20},"4":{"loc":{"start":{"line":24,"column":4},"end":{"line":26,"column":5}},"type":"if","locations":[{"start":{"line":24,"column":4},"end":{"line":26,"column":5}},{"start":{},"end":{}}],"line":24},"5":{"loc":{"start":{"line":28,"column":4},"end":{"line":30,"column":5}},"type":"if","locations":[{"start":{"line":28,"column":4},"end":{"line":30,"column":5}},{"start":{},"end":{}}],"line":28}},"s":{"0":18,"1":10,"2":10,"3":10,"4":10,"5":18,"6":2,"7":16,"8":2,"9":14,"10":2,"11":12,"12":2,"13":4},"f":{"0":18,"1":18},"b":{"0":[2,16],"1":[18,17,17],"2":[2,14],"3":[16,15,15],"4":[2,12],"5":[2,10]},"_coverageSchema":"1a1c01bbd47fc00a2c39e90264f33305004495a9","hash":"34e13f801b50cc2992c496c52d30f0ae7e95ac9a"}
,"C:\\Users\\ASUS\\Desktop\\Now\\Darkfield\\JS\\auth-api\\src\\Domains\\users\\entities\\RegisteredUser.js": {"path":"C:\\Users\\ASUS\\Desktop\\Now\\Darkfield\\JS\\auth-api\\src\\Domains\\users\\entities\\RegisteredUser.js","statementMap":{"0":{"start":{"line":6,"column":4},"end":{"line":6,"column":33}},"1":{"start":{"line":8,"column":39},"end":{"line":8,"column":46}},"2":{"start":{"line":10,"column":4},"end":{"line":10,"column":17}},"3":{"start":{"line":11,"column":4},"end":{"line":11,"column":29}},"4":{"start":{"line":12,"column":4},"end":{"line":12,"column":29}},"5":{"start":{"line":16,"column":4},"end":{"line":18,"column":5}},"6":{"start":{"line":17,"column":6},"end":{"line":17,"column":69}},"7":{"start":{"line":20,"column":4},"end":{"line":26,"column":5}},"8":{"start":{"line":25,"column":6},"end":{"line":25,"column":74}},"9":{"start":{"line":30,"column":0},"end":{"line":30,"column":32}}},"fnMap":{"0":{"name":"(anonymous_0)","decl":{"start":{"line":5,"column":2},"end":{"line":5,"column":3}},"loc":{"start":{"line":5,"column":23},"end":{"line":13,"column":3}},"line":5},"1":{"name":"(anonymous_1)","decl":{"start":{"line":15,"column":2},"end":{"line":15,"column":3}},"loc":{"start":{"line":15,"column":45},"end":{"line":27,"column":3}},"line":15}},"branchMap":{"0":{"loc":{"start":{"line":16,"column":4},"end":{"line":18,"column":5}},"type":"if","locations":[{"start":{"line":16,"column":4},"end":{"line":18,"column":5}},{"start":{},"end":{}}],"line":16},"1":{"loc":{"start":{"line":16,"column":8},"end":{"line":16,"column":37}},"type":"binary-expr","locations":[{"start":{"line":16,"column":8},"end":{"line":16,"column":11}},{"start":{"line":16,"column":15},"end":{"line":16,"column":24}},{"start":{"line":16,"column":28},"end":{"line":16,"column":37}}],"line":16},"2":{"loc":{"start":{"line":20,"column":4},"end":{"line":26,"column":5}},"type":"if","locations":[{"start":{"line":20,"column":4},"end":{"line":26,"column":5}},{"start":{},"end":{}}],"line":20},"3":{"loc":{"start":{"line":21,"column":6},"end":{"line":23,"column":37}},"type":"binary-expr","locations":[{"start":{"line":21,"column":6},"end":{"line":21,"column":28}},{"start":{"line":22,"column":9},"end":{"line":22,"column":37}},{"start":{"line":23,"column":9},"end":{"line":23,"column":37}}],"line":21}},"s":{"0":11,"1":9,"2":9,"3":9,"4":9,"5":11,"6":1,"7":10,"8":1,"9":4},"f":{"0":11,"1":11},"b":{"0":[1,10],"1":[11,10,10],"2":[1,9],"3":[10,9,9]},"_coverageSchema":"1a1c01bbd47fc00a2c39e90264f33305004495a9","hash":"6aa5b430b4610d08e965ce4ab4c528f7939ea624"}
,"C:\\Users\\ASUS\\Desktop\\Now\\Darkfield\\JS\\auth-api\\src\\Domains\\users\\entities\\UserLogin.js": {"path":"C:\\Users\\ASUS\\Desktop\\Now\\Darkfield\\JS\\auth-api\\src\\Domains\\users\\entities\\UserLogin.js","statementMap":{"0":{"start":{"line":6,"column":4},"end":{"line":6,"column":33}},"1":{"start":{"line":8,"column":4},"end":{"line":8,"column":37}},"2":{"start":{"line":9,"column":4},"end":{"line":9,"column":37}},"3":{"start":{"line":13,"column":35},"end":{"line":13,"column":42}},"4":{"start":{"line":15,"column":4},"end":{"line":17,"column":5}},"5":{"start":{"line":16,"column":6},"end":{"line":16,"column":64}},"6":{"start":{"line":19,"column":4},"end":{"line":21,"column":5}},"7":{"start":{"line":20,"column":6},"end":{"line":20,"column":69}},"8":{"start":{"line":25,"column":0},"end":{"line":25,"column":27}}},"fnMap":{"0":{"name":"(anonymous_0)","decl":{"start":{"line":5,"column":2},"end":{"line":5,"column":3}},"loc":{"start":{"line":5,"column":23},"end":{"line":10,"column":3}},"line":5},"1":{"name":"(anonymous_1)","decl":{"start":{"line":12,"column":2},"end":{"line":12,"column":3}},"loc":{"start":{"line":12,"column":26},"end":{"line":22,"column":3}},"line":12}},"branchMap":{"0":{"loc":{"start":{"line":15,"column":4},"end":{"line":17,"column":5}},"type":"if","locations":[{"start":{"line":15,"column":4},"end":{"line":17,"column":5}},{"start":{},"end":{}}],"line":15},"1":{"loc":{"start":{"line":15,"column":8},"end":{"line":15,"column":30}},"type":"binary-expr","locations":[{"start":{"line":15,"column":8},"end":{"line":15,"column":17}},{"start":{"line":15,"column":21},"end":{"line":15,"column":30}}],"line":15},"2":{"loc":{"start":{"line":19,"column":4},"end":{"line":21,"column":5}},"type":"if","locations":[{"start":{"line":19,"column":4},"end":{"line":21,"column":5}},{"start":{},"end":{}}],"line":19},"3":{"loc":{"start":{"line":19,"column":8},"end":{"line":19,"column":68}},"type":"binary-expr","locations":[{"start":{"line":19,"column":8},"end":{"line":19,"column":36}},{"start":{"line":19,"column":40},"end":{"line":19,"column":68}}],"line":19}},"s":{"0":10,"1":6,"2":6,"3":10,"4":10,"5":2,"6":8,"7":2,"8":3},"f":{"0":10,"1":10},"b":{"0":[2,8],"1":[10,10],"2":[2,6],"3":[8,7]},"_coverageSchema":"1a1c01bbd47fc00a2c39e90264f33305004495a9","hash":"89fb2190003d9cb72fc8651152226d6191564ab3"}
,"C:\\Users\\ASUS\\Desktop\\Now\\Darkfield\\JS\\auth-api\\src\\Infrastructures\\http\\createServer.js": {"path":"C:\\Users\\ASUS\\Desktop\\Now\\Darkfield\\JS\\auth-api\\src\\Infrastructures\\http\\createServer.js","statementMap":{"0":{"start":{"line":1,"column":13},"end":{"line":1,"column":34}},"1":{"start":{"line":2,"column":20},"end":{"line":2,"column":67}},"2":{"start":{"line":3,"column":30},"end":{"line":3,"column":87}},"3":{"start":{"line":4,"column":14},"end":{"line":4,"column":56}},"4":{"start":{"line":5,"column":24},"end":{"line":5,"column":76}},"5":{"start":{"line":7,"column":21},"end":{"line":59,"column":1}},"6":{"start":{"line":8,"column":17},"end":{"line":11,"column":4}},"7":{"start":{"line":13,"column":2},"end":{"line":22,"column":5}},"8":{"start":{"line":24,"column":2},"end":{"line":56,"column":5}},"9":{"start":{"line":25,"column":25},"end":{"line":25,"column":32}},"10":{"start":{"line":27,"column":4},"end":{"line":52,"column":5}},"11":{"start":{"line":28,"column":30},"end":{"line":28,"column":71}},"12":{"start":{"line":31,"column":6},"end":{"line":38,"column":7}},"13":{"start":{"line":32,"column":28},"end":{"line":35,"column":10}},"14":{"start":{"line":36,"column":8},"end":{"line":36,"column":53}},"15":{"start":{"line":37,"column":8},"end":{"line":37,"column":27}},"16":{"start":{"line":41,"column":6},"end":{"line":43,"column":7}},"17":{"start":{"line":42,"column":8},"end":{"line":42,"column":26}},"18":{"start":{"line":46,"column":26},"end":{"line":49,"column":8}},"19":{"start":{"line":50,"column":6},"end":{"line":50,"column":28}},"20":{"start":{"line":51,"column":6},"end":{"line":51,"column":25}},"21":{"start":{"line":55,"column":4},"end":{"line":55,"column":22}},"22":{"start":{"line":58,"column":2},"end":{"line":58,"column":16}},"23":{"start":{"line":61,"column":0},"end":{"line":61,"column":30}}},"fnMap":{"0":{"name":"(anonymous_0)","decl":{"start":{"line":7,"column":21},"end":{"line":7,"column":22}},"loc":{"start":{"line":7,"column":42},"end":{"line":59,"column":1}},"line":7},"1":{"name":"(anonymous_1)","decl":{"start":{"line":24,"column":30},"end":{"line":24,"column":31}},"loc":{"start":{"line":24,"column":46},"end":{"line":56,"column":3}},"line":24}},"branchMap":{"0":{"loc":{"start":{"line":27,"column":4},"end":{"line":52,"column":5}},"type":"if","locations":[{"start":{"line":27,"column":4},"end":{"line":52,"column":5}},{"start":{},"end":{}}],"line":27},"1":{"loc":{"start":{"line":31,"column":6},"end":{"line":38,"column":7}},"type":"if","locations":[{"start":{"line":31,"column":6},"end":{"line":38,"column":7}},{"start":{},"end":{}}],"line":31},"2":{"loc":{"start":{"line":41,"column":6},"end":{"line":43,"column":7}},"type":"if","locations":[{"start":{"line":41,"column":6},"end":{"line":43,"column":7}},{"start":{},"end":{}}],"line":41}},"s":{"0":1,"1":1,"2":1,"3":1,"4":1,"5":1,"6":22,"7":22,"8":22,"9":26,"10":26,"11":12,"12":12,"13":11,"14":11,"15":11,"16":1,"17":1,"18":0,"19":0,"20":0,"21":14,"22":22,"23":1},"f":{"0":22,"1":26},"b":{"0":[12,14],"1":[11,1],"2":[1,0]},"_coverageSchema":"1a1c01bbd47fc00a2c39e90264f33305004495a9","hash":"9d2cf63620f776b6122b3281fd05c58328a77254"}
,"C:\\Users\\ASUS\\Desktop\\Now\\Darkfield\\JS\\auth-api\\src\\Infrastructures\\repository\\AuthenticationRepositoryPostgres.js": {"path":"C:\\Users\\ASUS\\Desktop\\Now\\Darkfield\\JS\\auth-api\\src\\Infrastructures\\repository\\AuthenticationRepositoryPostgres.js","statementMap":{"0":{"start":{"line":1,"column":23},"end":{"line":1,"column":73}},"1":{"start":{"line":2,"column":33},"end":{"line":2,"column":98}},"2":{"start":{"line":6,"column":4},"end":{"line":6,"column":12}},"3":{"start":{"line":7,"column":4},"end":{"line":7,"column":22}},"4":{"start":{"line":11,"column":18},"end":{"line":14,"column":5}},"5":{"start":{"line":16,"column":4},"end":{"line":16,"column":34}},"6":{"start":{"line":20,"column":18},"end":{"line":23,"column":5}},"7":{"start":{"line":25,"column":19},"end":{"line":25,"column":48}},"8":{"start":{"line":27,"column":4},"end":{"line":29,"column":5}},"9":{"start":{"line":28,"column":6},"end":{"line":28,"column":64}},"10":{"start":{"line":33,"column":18},"end":{"line":36,"column":5}},"11":{"start":{"line":38,"column":4},"end":{"line":38,"column":34}},"12":{"start":{"line":42,"column":0},"end":{"line":42,"column":50}}},"fnMap":{"0":{"name":"(anonymous_0)","decl":{"start":{"line":5,"column":2},"end":{"line":5,"column":3}},"loc":{"start":{"line":5,"column":20},"end":{"line":8,"column":3}},"line":5},"1":{"name":"(anonymous_1)","decl":{"start":{"line":10,"column":2},"end":{"line":10,"column":3}},"loc":{"start":{"line":10,"column":24},"end":{"line":17,"column":3}},"line":10},"2":{"name":"(anonymous_2)","decl":{"start":{"line":19,"column":2},"end":{"line":19,"column":3}},"loc":{"start":{"line":19,"column":41},"end":{"line":30,"column":3}},"line":19},"3":{"name":"(anonymous_3)","decl":{"start":{"line":32,"column":2},"end":{"line":32,"column":3}},"loc":{"start":{"line":32,"column":27},"end":{"line":39,"column":3}},"line":32}},"branchMap":{"0":{"loc":{"start":{"line":27,"column":4},"end":{"line":29,"column":5}},"type":"if","locations":[{"start":{"line":27,"column":4},"end":{"line":29,"column":5}},{"start":{},"end":{}}],"line":27}},"s":{"0":2,"1":2,"2":5,"3":5,"4":3,"5":3,"6":6,"7":6,"8":6,"9":3,"10":2,"11":2,"12":2},"f":{"0":5,"1":3,"2":6,"3":2},"b":{"0":[3,3]},"_coverageSchema":"1a1c01bbd47fc00a2c39e90264f33305004495a9","hash":"e3b21953eefcfbc65b390d94b68663b501e4a64a"}
,"C:\\Users\\ASUS\\Desktop\\Now\\Darkfield\\JS\\auth-api\\src\\Infrastructures\\repository\\UserRepositoryPostgres.js": {"path":"C:\\Users\\ASUS\\Desktop\\Now\\Darkfield\\JS\\auth-api\\src\\Infrastructures\\repository\\UserRepositoryPostgres.js","statementMap":{"0":{"start":{"line":1,"column":23},"end":{"line":1,"column":73}},"1":{"start":{"line":2,"column":23},"end":{"line":2,"column":77}},"2":{"start":{"line":3,"column":23},"end":{"line":3,"column":68}},"3":{"start":{"line":7,"column":4},"end":{"line":7,"column":12}},"4":{"start":{"line":8,"column":4},"end":{"line":8,"column":22}},"5":{"start":{"line":9,"column":4},"end":{"line":9,"column":36}},"6":{"start":{"line":13,"column":18},"end":{"line":18,"column":5}},"7":{"start":{"line":20,"column":19},"end":{"line":20,"column":48}},"8":{"start":{"line":22,"column":4},"end":{"line":24,"column":5}},"9":{"start":{"line":23,"column":6},"end":{"line":23,"column":58}},"10":{"start":{"line":28,"column":45},"end":{"line":28,"column":57}},"11":{"start":{"line":29,"column":15},"end":{"line":29,"column":44}},"12":{"start":{"line":31,"column":18},"end":{"line":36,"column":5}},"13":{"start":{"line":38,"column":19},"end":{"line":38,"column":48}},"14":{"start":{"line":40,"column":4},"end":{"line":40,"column":53}},"15":{"start":{"line":44,"column":18},"end":{"line":47,"column":5}},"16":{"start":{"line":49,"column":19},"end":{"line":49,"column":48}},"17":{"start":{"line":51,"column":4},"end":{"line":53,"column":5}},"18":{"start":{"line":52,"column":6},"end":{"line":52,"column":59}},"19":{"start":{"line":55,"column":4},"end":{"line":55,"column":35}},"20":{"start":{"line":59,"column":0},"end":{"line":59,"column":40}}},"fnMap":{"0":{"name":"(anonymous_0)","decl":{"start":{"line":6,"column":2},"end":{"line":6,"column":3}},"loc":{"start":{"line":6,"column":33},"end":{"line":10,"column":3}},"line":6},"1":{"name":"(anonymous_1)","decl":{"start":{"line":12,"column":2},"end":{"line":12,"column":3}},"loc":{"start":{"line":12,"column":42},"end":{"line":25,"column":3}},"line":12},"2":{"name":"(anonymous_2)","decl":{"start":{"line":27,"column":2},"end":{"line":27,"column":3}},"loc":{"start":{"line":27,"column":30},"end":{"line":41,"column":3}},"line":27},"3":{"name":"(anonymous_3)","decl":{"start":{"line":43,"column":2},"end":{"line":43,"column":3}},"loc":{"start":{"line":43,"column":40},"end":{"line":56,"column":3}},"line":43}},"branchMap":{"0":{"loc":{"start":{"line":22,"column":4},"end":{"line":24,"column":5}},"type":"if","locations":[{"start":{"line":22,"column":4},"end":{"line":24,"column":5}},{"start":{},"end":{}}],"line":22},"1":{"loc":{"start":{"line":51,"column":4},"end":{"line":53,"column":5}},"type":"if","locations":[{"start":{"line":51,"column":4},"end":{"line":53,"column":5}},{"start":{},"end":{}}],"line":51}},"s":{"0":2,"1":2,"2":2,"3":5,"4":5,"5":5,"6":7,"7":7,"8":7,"9":2,"10":6,"11":6,"12":6,"13":6,"14":6,"15":4,"16":4,"17":4,"18":1,"19":3,"20":2},"f":{"0":5,"1":7,"2":6,"3":4},"b":{"0":[2,5],"1":[1,3]},"_coverageSchema":"1a1c01bbd47fc00a2c39e90264f33305004495a9","hash":"df32407a8e0420afe6e73efaead9823010e0490e"}
,"C:\\Users\\ASUS\\Desktop\\Now\\Darkfield\\JS\\auth-api\\src\\Infrastructures\\security\\BcryptPasswordHash.js": {"path":"C:\\Users\\ASUS\\Desktop\\Now\\Darkfield\\JS\\auth-api\\src\\Infrastructures\\security\\BcryptPasswordHash.js","statementMap":{"0":{"start":{"line":1,"column":21},"end":{"line":1,"column":72}},"1":{"start":{"line":2,"column":28},"end":{"line":2,"column":83}},"2":{"start":{"line":6,"column":4},"end":{"line":6,"column":12}},"3":{"start":{"line":7,"column":4},"end":{"line":7,"column":26}},"4":{"start":{"line":8,"column":4},"end":{"line":8,"column":32}},"5":{"start":{"line":12,"column":4},"end":{"line":12,"column":56}},"6":{"start":{"line":16,"column":19},"end":{"line":16,"column":71}},"7":{"start":{"line":18,"column":4},"end":{"line":20,"column":5}},"8":{"start":{"line":19,"column":6},"end":{"line":19,"column":75}},"9":{"start":{"line":24,"column":0},"end":{"line":24,"column":36}}},"fnMap":{"0":{"name":"(anonymous_0)","decl":{"start":{"line":5,"column":2},"end":{"line":5,"column":3}},"loc":{"start":{"line":5,"column":38},"end":{"line":9,"column":3}},"line":5},"1":{"name":"(anonymous_1)","decl":{"start":{"line":11,"column":2},"end":{"line":11,"column":3}},"loc":{"start":{"line":11,"column":23},"end":{"line":13,"column":3}},"line":11},"2":{"name":"(anonymous_2)","decl":{"start":{"line":15,"column":2},"end":{"line":15,"column":3}},"loc":{"start":{"line":15,"column":42},"end":{"line":21,"column":3}},"line":15}},"branchMap":{"0":{"loc":{"start":{"line":5,"column":22},"end":{"line":5,"column":36}},"type":"default-arg","locations":[{"start":{"line":5,"column":34},"end":{"line":5,"column":36}}],"line":5},"1":{"loc":{"start":{"line":18,"column":4},"end":{"line":20,"column":5}},"type":"if","locations":[{"start":{"line":18,"column":4},"end":{"line":20,"column":5}},{"start":{},"end":{}}],"line":18}},"s":{"0":2,"1":2,"2":4,"3":4,"4":4,"5":6,"6":5,"7":5,"8":2,"9":2},"f":{"0":4,"1":6,"2":5},"b":{"0":[4],"1":[2,3]},"_coverageSchema":"1a1c01bbd47fc00a2c39e90264f33305004495a9","hash":"43efe09f030a48dafc210337727ea941cf5efa43"}
,"C:\\Users\\ASUS\\Desktop\\Now\\Darkfield\\JS\\auth-api\\src\\Infrastructures\\security\\JWTTokenManager.js": {"path":"C:\\Users\\ASUS\\Desktop\\Now\\Darkfield\\JS\\auth-api\\src\\Infrastructures\\security\\JWTTokenManager.js","statementMap":{"0":{"start":{"line":1,"column":21},"end":{"line":1,"column":72}},"1":{"start":{"line":2,"column":23},"end":{"line":2,"column":73}},"2":{"start":{"line":6,"column":4},"end":{"line":6,"column":12}},"3":{"start":{"line":7,"column":4},"end":{"line":7,"column":20}},"4":{"start":{"line":11,"column":4},"end":{"line":11,"column":69}},"5":{"start":{"line":15,"column":4},"end":{"line":15,"column":70}},"6":{"start":{"line":19,"column":4},"end":{"line":24,"column":5}},"7":{"start":{"line":20,"column":24},"end":{"line":20,"column":47}},"8":{"start":{"line":21,"column":6},"end":{"line":21,"column":65}},"9":{"start":{"line":23,"column":6},"end":{"line":23,"column":60}},"10":{"start":{"line":28,"column":22},"end":{"line":28,"column":45}},"11":{"start":{"line":29,"column":4},"end":{"line":29,"column":37}},"12":{"start":{"line":33,"column":0},"end":{"line":33,"column":33}}},"fnMap":{"0":{"name":"(anonymous_0)","decl":{"start":{"line":5,"column":2},"end":{"line":5,"column":3}},"loc":{"start":{"line":5,"column":19},"end":{"line":8,"column":3}},"line":5},"1":{"name":"(anonymous_1)","decl":{"start":{"line":10,"column":2},"end":{"line":10,"column":3}},"loc":{"start":{"line":10,"column":35},"end":{"line":12,"column":3}},"line":10},"2":{"name":"(anonymous_2)","decl":{"start":{"line":14,"column":2},"end":{"line":14,"column":3}},"loc":{"start":{"line":14,"column":36},"end":{"line":16,"column":3}},"line":14},"3":{"name":"(anonymous_3)","decl":{"start":{"line":18,"column":2},"end":{"line":18,"column":3}},"loc":{"start":{"line":18,"column":36},"end":{"line":25,"column":3}},"line":18},"4":{"name":"(anonymous_4)","decl":{"start":{"line":27,"column":2},"end":{"line":27,"column":3}},"loc":{"start":{"line":27,"column":29},"end":{"line":30,"column":3}},"line":27}},"branchMap":{},"s":{"0":2,"1":2,"2":6,"3":6,"4":6,"5":5,"6":5,"7":5,"8":4,"9":2,"10":2,"11":2,"12":2},"f":{"0":6,"1":6,"2":5,"3":5,"4":2},"b":{},"_coverageSchema":"1a1c01bbd47fc00a2c39e90264f33305004495a9","hash":"c4bacf7b3267153915feb63f1fdb3566d7ec74f8"}
,"C:\\Users\\ASUS\\Desktop\\Now\\Darkfield\\JS\\auth-api\\src\\Interfaces\\http\\api\\authentications\\handler.js": {"path":"C:\\Users\\ASUS\\Desktop\\Now\\Darkfield\\JS\\auth-api\\src\\Interfaces\\http\\api\\authentications\\handler.js","statementMap":{"0":{"start":{"line":1,"column":21},"end":{"line":1,"column":78}},"1":{"start":{"line":2,"column":28},"end":{"line":2,"column":92}},"2":{"start":{"line":3,"column":22},"end":{"line":3,"column":80}},"3":{"start":{"line":7,"column":4},"end":{"line":7,"column":32}},"4":{"start":{"line":9,"column":4},"end":{"line":9,"column":79}},"5":{"start":{"line":10,"column":4},"end":{"line":10,"column":77}},"6":{"start":{"line":11,"column":4},"end":{"line":11,"column":83}},"7":{"start":{"line":15,"column":25},"end":{"line":15,"column":71}},"8":{"start":{"line":18,"column":42},"end":{"line":18,"column":85}},"9":{"start":{"line":20,"column":21},"end":{"line":26,"column":6}},"10":{"start":{"line":27,"column":4},"end":{"line":27,"column":23}},"11":{"start":{"line":28,"column":4},"end":{"line":28,"column":20}},"12":{"start":{"line":32,"column":32},"end":{"line":33,"column":44}},"13":{"start":{"line":34,"column":24},"end":{"line":34,"column":74}},"14":{"start":{"line":36,"column":4},"end":{"line":41,"column":6}},"15":{"start":{"line":45,"column":26},"end":{"line":45,"column":73}},"16":{"start":{"line":46,"column":4},"end":{"line":46,"column":49}},"17":{"start":{"line":47,"column":4},"end":{"line":49,"column":6}},"18":{"start":{"line":53,"column":0},"end":{"line":53,"column":40}}},"fnMap":{"0":{"name":"(anonymous_0)","decl":{"start":{"line":6,"column":2},"end":{"line":6,"column":3}},"loc":{"start":{"line":6,"column":25},"end":{"line":12,"column":3}},"line":6},"1":{"name":"(anonymous_1)","decl":{"start":{"line":14,"column":2},"end":{"line":14,"column":3}},"loc":{"start":{"line":14,"column":46},"end":{"line":29,"column":3}},"line":14},"2":{"name":"(anonymous_2)","decl":{"start":{"line":31,"column":2},"end":{"line":31,"column":3}},"loc":{"start":{"line":31,"column":42},"end":{"line":42,"column":3}},"line":31},"3":{"name":"(anonymous_3)","decl":{"start":{"line":44,"column":2},"end":{"line":44,"column":3}},"loc":{"start":{"line":44,"column":45},"end":{"line":50,"column":3}},"line":44}},"branchMap":{},"s":{"0":1,"1":1,"2":1,"3":22,"4":22,"5":22,"6":22,"7":6,"8":6,"9":2,"10":2,"11":2,"12":5,"13":5,"14":1,"15":4,"16":4,"17":1,"18":1},"f":{"0":22,"1":6,"2":5,"3":4},"b":{},"_coverageSchema":"1a1c01bbd47fc00a2c39e90264f33305004495a9","hash":"7a037629df3fa2766afac4e4e235f0e42d1ec300"}
,"C:\\Users\\ASUS\\Desktop\\Now\\Darkfield\\JS\\auth-api\\src\\Interfaces\\http\\api\\authentications\\index.js": {"path":"C:\\Users\\ASUS\\Desktop\\Now\\Darkfield\\JS\\auth-api\\src\\Interfaces\\http\\api\\authentications\\index.js","statementMap":{"0":{"start":{"line":1,"column":15},"end":{"line":1,"column":34}},"1":{"start":{"line":2,"column":31},"end":{"line":2,"column":51}},"2":{"start":{"line":4,"column":0},"end":{"line":10,"column":2}},"3":{"start":{"line":7,"column":35},"end":{"line":7,"column":72}},"4":{"start":{"line":8,"column":4},"end":{"line":8,"column":49}}},"fnMap":{"0":{"name":"(anonymous_0)","decl":{"start":{"line":6,"column":12},"end":{"line":6,"column":13}},"loc":{"start":{"line":6,"column":45},"end":{"line":9,"column":3}},"line":6}},"branchMap":{},"s":{"0":1,"1":1,"2":1,"3":22,"4":22},"f":{"0":22},"b":{},"_coverageSchema":"1a1c01bbd47fc00a2c39e90264f33305004495a9","hash":"4a740eefb0093c419956615eacd0f1d77a1f9a17"}
,"C:\\Users\\ASUS\\Desktop\\Now\\Darkfield\\JS\\auth-api\\src\\Interfaces\\http\\api\\authentications\\routes.js": {"path":"C:\\Users\\ASUS\\Desktop\\Now\\Darkfield\\JS\\auth-api\\src\\Interfaces\\http\\api\\authentications\\routes.js","statementMap":{"0":{"start":{"line":1,"column":15},"end":{"line":17,"column":2}},"1":{"start":{"line":1,"column":29},"end":{"line":17,"column":1}},"2":{"start":{"line":19,"column":0},"end":{"line":19,"column":24}}},"fnMap":{"0":{"name":"(anonymous_0)","decl":{"start":{"line":1,"column":15},"end":{"line":1,"column":16}},"loc":{"start":{"line":1,"column":29},"end":{"line":17,"column":1}},"line":1}},"branchMap":{},"s":{"0":1,"1":22,"2":1},"f":{"0":22},"b":{},"_coverageSchema":"1a1c01bbd47fc00a2c39e90264f33305004495a9","hash":"ae306b6aaf427e80b56c2c81ca921535465b55f6"}
,"C:\\Users\\ASUS\\Desktop\\Now\\Darkfield\\JS\\auth-api\\src\\Interfaces\\http\\api\\users\\handler.js": {"path":"C:\\Users\\ASUS\\Desktop\\Now\\Darkfield\\JS\\auth-api\\src\\Interfaces\\http\\api\\users\\handler.js","statementMap":{"0":{"start":{"line":1,"column":23},"end":{"line":1,"column":82}},"1":{"start":{"line":2,"column":30},"end":{"line":2,"column":93}},"2":{"start":{"line":3,"column":20},"end":{"line":3,"column":73}},"3":{"start":{"line":7,"column":4},"end":{"line":7,"column":32}},"4":{"start":{"line":9,"column":4},"end":{"line":9,"column":59}},"5":{"start":{"line":13,"column":4},"end":{"line":42,"column":5}},"6":{"start":{"line":14,"column":29},"end":{"line":14,"column":77}},"7":{"start":{"line":15,"column":24},"end":{"line":15,"column":69}},"8":{"start":{"line":16,"column":23},"end":{"line":21,"column":8}},"9":{"start":{"line":22,"column":6},"end":{"line":22,"column":25}},"10":{"start":{"line":23,"column":6},"end":{"line":23,"column":22}},"11":{"start":{"line":25,"column":30},"end":{"line":25,"column":68}},"12":{"start":{"line":27,"column":6},"end":{"line":34,"column":7}},"13":{"start":{"line":28,"column":25},"end":{"line":31,"column":10}},"14":{"start":{"line":32,"column":8},"end":{"line":32,"column":50}},"15":{"start":{"line":33,"column":8},"end":{"line":33,"column":24}},"16":{"start":{"line":36,"column":23},"end":{"line":39,"column":8}},"17":{"start":{"line":40,"column":6},"end":{"line":40,"column":25}},"18":{"start":{"line":41,"column":6},"end":{"line":41,"column":22}},"19":{"start":{"line":46,"column":0},"end":{"line":46,"column":30}}},"fnMap":{"0":{"name":"(anonymous_0)","decl":{"start":{"line":6,"column":2},"end":{"line":6,"column":3}},"loc":{"start":{"line":6,"column":25},"end":{"line":10,"column":3}},"line":6},"1":{"name":"(anonymous_1)","decl":{"start":{"line":12,"column":2},"end":{"line":12,"column":3}},"loc":{"start":{"line":12,"column":36},"end":{"line":43,"column":3}},"line":12}},"branchMap":{"0":{"loc":{"start":{"line":27,"column":6},"end":{"line":34,"column":7}},"type":"if","locations":[{"start":{"line":27,"column":6},"end":{"line":34,"column":7}},{"start":{},"end":{}}],"line":27}},"s":{"0":1,"1":1,"2":1,"3":22,"4":22,"5":10,"6":10,"7":9,"8":4,"9":4,"10":4,"11":6,"12":6,"13":5,"14":5,"15":5,"16":1,"17":1,"18":1,"19":1},"f":{"0":22,"1":10},"b":{"0":[5,1]},"_coverageSchema":"1a1c01bbd47fc00a2c39e90264f33305004495a9","hash":"30b3a5cff23e8e440f9d9f1d027dc754231898ec"}
,"C:\\Users\\ASUS\\Desktop\\Now\\Darkfield\\JS\\auth-api\\src\\Interfaces\\http\\api\\users\\index.js": {"path":"C:\\Users\\ASUS\\Desktop\\Now\\Darkfield\\JS\\auth-api\\src\\Interfaces\\http\\api\\users\\index.js","statementMap":{"0":{"start":{"line":1,"column":21},"end":{"line":1,"column":41}},"1":{"start":{"line":2,"column":15},"end":{"line":2,"column":34}},"2":{"start":{"line":4,"column":0},"end":{"line":10,"column":2}},"3":{"start":{"line":7,"column":25},"end":{"line":7,"column":52}},"4":{"start":{"line":8,"column":4},"end":{"line":8,"column":39}}},"fnMap":{"0":{"name":"(anonymous_0)","decl":{"start":{"line":6,"column":12},"end":{"line":6,"column":13}},"loc":{"start":{"line":6,"column":45},"end":{"line":9,"column":3}},"line":6}},"branchMap":{},"s":{"0":1,"1":1,"2":1,"3":22,"4":22},"f":{"0":22},"b":{},"_coverageSchema":"1a1c01bbd47fc00a2c39e90264f33305004495a9","hash":"c8c25118523161249f8fb18cb15bb35b64352152"}
,"C:\\Users\\ASUS\\Desktop\\Now\\Darkfield\\JS\\auth-api\\src\\Interfaces\\http\\api\\users\\routes.js": {"path":"C:\\Users\\ASUS\\Desktop\\Now\\Darkfield\\JS\\auth-api\\src\\Interfaces\\http\\api\\users\\routes.js","statementMap":{"0":{"start":{"line":1,"column":15},"end":{"line":7,"column":2}},"1":{"start":{"line":1,"column":29},"end":{"line":7,"column":1}},"2":{"start":{"line":9,"column":0},"end":{"line":9,"column":24}}},"fnMap":{"0":{"name":"(anonymous_0)","decl":{"start":{"line":1,"column":15},"end":{"line":1,"column":16}},"loc":{"start":{"line":1,"column":29},"end":{"line":7,"column":1}},"line":1}},"branchMap":{},"s":{"0":1,"1":22,"2":1},"f":{"0":22},"b":{},"_coverageSchema":"1a1c01bbd47fc00a2c39e90264f33305004495a9","hash":"eee740cc4164cfa08e70753f04c251a0b76439e8"}
}
